Building DAG of jobs...
Using shell: /usr/bin/bash
Provided cores: 1
Rules claiming more threads will be scaled down.
Job counts:
	count	jobs
	1	all
	1	download_ccle_maf
	1	download_ceres_scores
	3

[Tue Jun  9 04:06:47 2020]
rule download_ceres_scores:
    output: raw/Q1_gene_effect.csv
    jobid: 2

[Tue Jun  9 04:07:57 2020]
Finished job 2.
1 of 3 steps (33%) done

[Tue Jun  9 04:07:57 2020]
rule download_ccle_maf:
    output: raw/depmap_19Q1_mutation_calls_v2.csv
    jobid: 1

[Tue Jun  9 04:07:57 2020]
Error in rule download_ccle_maf:
    jobid: 1
    output: raw/depmap_19Q1_mutation_calls_v2.csv

RuleException:
CalledProcessError in line 48 of /n/fs/ragr-research/projects/sd/gitrepo/superdendrix/data/Snakefile:
Command ' set -euo pipefail;  wget -O raw/depmap_19Q1_mutation_calls_v2.csv https://depmap.org/portal/download/api/download/external?file_name=ccle%2Fdepmap-mutation-calls-9a1a.9%2Fdepmap_19Q1_mutation_calls_v2.csv ' returned non-zero exit status 8.
  File "/n/fs/ragr-research/projects/sd/gitrepo/superdendrix/data/Snakefile", line 48, in __rule_download_ccle_maf
  File "/n/fs/ragr-research/projects/sd/anaconda3/envs/superdendrix-env/lib/python3.6/concurrent/futures/thread.py", line 56, in run
Removing output files of failed job download_ccle_maf since they might be corrupted:
raw/depmap_19Q1_mutation_calls_v2.csv
Shutting down, this might take some time.
Exiting because a job execution failed. Look above for error message
Complete log: /n/fs/ragr-research/projects/sd/gitrepo/superdendrix/data/.snakemake/log/2020-06-09T040647.257764.snakemake.log
