Building DAG of jobs...
Using shell: /usr/bin/bash
Provided cores: 1
Rules claiming more threads will be scaled down.
Job counts:
	count	jobs
	1	all
	1	download_ceres_cell_line_info
	1	download_oncokb_annotation
	3

[Tue Jun  9 04:10:18 2020]
rule download_ceres_cell_line_info:
    output: raw/cell_line_info.csv
    jobid: 1

[Tue Jun  9 04:10:19 2020]
Finished job 1.
1 of 3 steps (33%) done

[Tue Jun  9 04:10:19 2020]
rule download_oncokb_annotation:
    output: raw/oncoKB_list.tsv
    jobid: 2

[Tue Jun  9 04:10:20 2020]
Finished job 2.
2 of 3 steps (67%) done

[Tue Jun  9 04:10:20 2020]
localrule all:
    input: raw/Q1_gene_effect.csv, raw/cell_line_info.csv, raw/oncoKB_list.tsv
    jobid: 0

[Tue Jun  9 04:10:20 2020]
Finished job 0.
3 of 3 steps (100%) done
Complete log: /n/fs/ragr-research/projects/sd/gitrepo/superdendrix/data/.snakemake/log/2020-06-09T041018.300223.snakemake.log
